<?xml version="1.0" encoding="UTF-8"?><testsuite name="nosetests" tests="3" errors="0" failures="0" skip="0"><testcase classname="project1.tests.authentication_tests.StandAloneTests" name="test_login_bad_creds" time="0.001"></testcase><testcase classname="project1.tests.authentication_tests.StandAloneTests" name="test_login_error" time="0.000"><system-out><![CDATA[I can't authentication you.
]]></system-out></testcase><testcase classname="project1.tests.authentication_tests.StandAloneTests" name="test_login_success" time="0.000"></testcase></testsuite>